<?xml version="1.0" encoding="UTF-8"?>
<!-- Generated by org.testng.reporters.JUnitXMLReporter -->
<testsuite ignored="0" hostname="AFSWWNXC1N3TBA" failures="0" tests="8" name="Default test" time="3.956" errors="0" timestamp="2023-02-08T11:06:22 EST">
  <testcase classname="com.TeamCalendarBackend.SpringBoot.service.EventServiceTests" name="ShouldDeleteUser" time="0.051"/>
  <testcase classname="com.TeamCalendarBackend.SpringBoot.service.EventServiceTests" name="cannotDeleteEvent" time="0.003"/>
  <testcase classname="com.TeamCalendarBackend.SpringBoot.service.EventServiceTests" name="cannotFindEventById" time="0.003"/>
  <testcase classname="com.TeamCalendarBackend.SpringBoot.service.EventServiceTests" name="cannotUpdateEvent" time="0.002"/>
  <testcase classname="com.TeamCalendarBackend.SpringBoot.service.EventServiceTests" name="shouldCreateEvent" time="0.025"/>
  <testcase classname="com.TeamCalendarBackend.SpringBoot.service.EventServiceTests" name="shouldFindAllEvents" time="0.012"/>
  <testcase classname="com.TeamCalendarBackend.SpringBoot.service.EventServiceTests" name="shouldFindEventById" time="0.002"/>
  <testcase classname="com.TeamCalendarBackend.SpringBoot.service.EventServiceTests" name="shouldUpdateEvent" time="0.005"/>
</testsuite> <!-- Default test -->
